1703618112: mosquitto version 2.0.18 starting
1703618112: Config loaded from /mosquitto/config/mosquitto.conf.
1703618112: Warning: File /mosquitto/config/password.txt has world readable permissions. Future versions will refuse to load this file.
To fix this, use `chmod 0700 /mosquitto/config/password.txt`.
1703618112: Warning: File /mosquitto/config/password.txt owner is not mosquitto. Future versions will refuse to load this file.To fix this, use `chown mosquitto /mosquitto/config/password.txt`.
1703618112: Warning: File /mosquitto/config/password.txt group is not mosquitto. Future versions will refuse to load this file.
1703618112: Error: Invalid password hash type for user admin, removing entry.
1703618112: Opening ipv4 listen socket on port 1883.
1703618112: Opening ipv6 listen socket on port 1883.
1703618112: mosquitto version 2.0.18 running
1703618115: New connection from 172.100.10.12:56584 on port 1883.
1703618115: Client auto-6DD793FD-56A3-37EF-9FD5-CAD5D9AF24C8 disconnected, not authorised.
1703618116: New connection from 172.100.10.11:41522 on port 1883.
1703618116: Client auto-662A40C7-CBEC-CFC7-D4FF-95CD64080BEA disconnected, not authorised.
1703618133: mosquitto version 2.0.18 terminating
1703618133: Saving in-memory database to /mosquitto/data//mosquitto.db.
1703618149: mosquitto version 2.0.18 starting
1703618149: Config loaded from /mosquitto/config/mosquitto.conf.
1703618149: Warning: File /mosquitto/config/password.txt has world readable permissions. Future versions will refuse to load this file.
To fix this, use `chmod 0700 /mosquitto/config/password.txt`.
1703618149: Warning: File /mosquitto/config/password.txt owner is not mosquitto. Future versions will refuse to load this file.To fix this, use `chown mosquitto /mosquitto/config/password.txt`.
1703618149: Warning: File /mosquitto/config/password.txt group is not mosquitto. Future versions will refuse to load this file.
1703618149: Error: Invalid password hash type for user admin, removing entry.
1703618149: Opening ipv4 listen socket on port 1883.
1703618149: Opening ipv6 listen socket on port 1883.
1703618149: mosquitto version 2.0.18 running
1703618153: New connection from 172.100.10.11:42690 on port 1883.
1703618153: Client auto-666E60FC-069C-D5C2-48A1-B4D0481C1DEE disconnected, not authorised.
1703618153: New connection from 172.100.10.12:52820 on port 1883.
1703618153: Client auto-3A6CE630-2BA5-F6D8-9648-48F2BE7B5E00 disconnected, not authorised.
1703618714: mosquitto version 2.0.18 terminating
1703618714: Saving in-memory database to /mosquitto/data//mosquitto.db.
1703618734: mosquitto version 2.0.18 starting
1703618734: Config loaded from /mosquitto/config/mosquitto.conf.
1703618734: Warning: File /mosquitto/config/password.txt has world readable permissions. Future versions will refuse to load this file.
To fix this, use `chmod 0700 /mosquitto/config/password.txt`.
1703618734: Warning: File /mosquitto/config/password.txt owner is not mosquitto. Future versions will refuse to load this file.To fix this, use `chown mosquitto /mosquitto/config/password.txt`.
1703618734: Warning: File /mosquitto/config/password.txt group is not mosquitto. Future versions will refuse to load this file.
1703618734: Error: Invalid password hash type for user admin, removing entry.
1703618734: Opening ipv4 listen socket on port 1883.
1703618734: Opening ipv6 listen socket on port 1883.
1703618734: mosquitto version 2.0.18 running
1703618737: New connection from 172.100.10.12:33222 on port 1883.
1703618737: Client auto-55B8F680-EEFB-D31E-5D88-4F5F9B82A592 disconnected, not authorised.
1703618738: New connection from 172.100.10.11:36498 on port 1883.
1703618738: Client auto-11A6A34C-6A31-062B-1C8C-9157A3E544F0 disconnected, not authorised.
1703618858: mosquitto version 2.0.18 terminating
1703618858: Saving in-memory database to /mosquitto/data//mosquitto.db.
1703618888: mosquitto version 2.0.18 starting
1703618888: Config loaded from /mosquitto/config/mosquitto.conf.
1703618888: Warning: File /mosquitto/config/password.txt has world readable permissions. Future versions will refuse to load this file.
To fix this, use `chmod 0700 /mosquitto/config/password.txt`.
1703618888: Warning: File /mosquitto/config/password.txt owner is not mosquitto. Future versions will refuse to load this file.To fix this, use `chown mosquitto /mosquitto/config/password.txt`.
1703618888: Warning: File /mosquitto/config/password.txt group is not mosquitto. Future versions will refuse to load this file.
1703618888: Opening ipv4 listen socket on port 1883.
1703618888: Opening ipv6 listen socket on port 1883.
1703618888: mosquitto version 2.0.18 running
1703618890: New connection from 172.100.10.11:53058 on port 1883.
1703618890: New client connected from 172.100.10.11:53058 as auto-E96DC401-08E3-CDB0-8772-C4F255E16887 (p2, c1, k60, u'admin').
1703618890: Client auto-E96DC401-08E3-CDB0-8772-C4F255E16887 disconnected.
1703618890: New connection from 172.100.10.12:57640 on port 1883.
1703618890: New client connected from 172.100.10.12:57640 as auto-3B9B1EDD-9CE3-3ABA-7DE0-2E8D27A8AAA1 (p2, c1, k60, u'admin').
1703619023: New connection from 172.100.10.11:39954 on port 1883.
1703619023: New client connected from 172.100.10.11:39954 as auto-F5802E2C-8FB5-5C7D-8E24-B1E6EA36D93E (p2, c1, k60, u'admin').
1703619023: Client auto-F5802E2C-8FB5-5C7D-8E24-B1E6EA36D93E disconnected.
